<?xml version="1.0" encoding="UTF-8"?>
<testng-results ignored="0" total="1" passed="1" failed="0" skipped="0">
  <reporter-output>
  </reporter-output>
  <suite started-at="2024-10-05T14:34:31 MESZ" name="smoke" finished-at="2024-10-05T14:34:38 MESZ" duration-ms="7078">
    <groups>
      <group name="smoke">
        <method signature="GUI.tc_1()[pri:1, instance:automationP.testcases.GUI@1623b78d]" name="tc_1" class="automationP.testcases.GUI"/>
      </group> <!-- smoke -->
    </groups>
    <test started-at="2024-10-05T14:34:31 MESZ" name="smoke" finished-at="2024-10-05T14:34:38 MESZ" duration-ms="7078">
      <class name="automationP.testcases.GUI">
        <test-method signature="tc_1()[pri:1, instance:automationP.testcases.GUI@1623b78d]" started-at="2024-10-05T14:34:31 MESZ" name="tc_1" finished-at="2024-10-05T14:34:38 MESZ" duration-ms="7031" status="PASS">
          <reporter-output>
          </reporter-output>
        </test-method> <!-- tc_1 -->
      </class> <!-- automationP.testcases.GUI -->
    </test> <!-- smoke -->
  </suite> <!-- smoke -->
</testng-results>
