<?xml version="1.0" encoding="UTF-8"?>
<!-- Generated by org.testng.reporters.JUnitXMLReporter -->
<testsuite ignored="0" hostname="DESKTOP-VIEGQI7" failures="2" tests="2" name="reg" time="16.842" errors="0" timestamp="2024-10-05T14:26:39 MESZ">
  <testcase classname="automationP.testcases.GUI" name="tc_s1" time="7.794">
    <failure type="java.lang.NullPointerException" message="Cannot invoke &amp;quot;java.sql.Connection.createStatement()&amp;quot; because the return value of &amp;quot;testbase.DBConnect.getConnection()&amp;quot; is null">
      <![CDATA[java.lang.NullPointerException: Cannot invoke "java.sql.Connection.createStatement()" because the return value of "testbase.DBConnect.getConnection()" is null
at testbase.DBConnect.executeQuery(DBConnect.java:30)
at automationP.testcases.GUI.tc_s1(GUI.java:36)
at java.base/java.util.concurrent.Executors$RunnableAdapter.call(Executors.java:539)
at java.base/java.util.concurrent.FutureTask.run(FutureTask.java:264)
at java.base/java.util.concurrent.ThreadPoolExecutor.runWorker(ThreadPoolExecutor.java:1136)
at java.base/java.util.concurrent.ThreadPoolExecutor$Worker.run(ThreadPoolExecutor.java:635)
at java.base/java.lang.Thread.run(Thread.java:833)
... Removed 13 stack frames]]>
    </failure>
  </testcase> <!-- tc_s1 -->
  <testcase classname="automationP.testcases.GUI" name="tc_1" time="8.972">
    <failure type="java.lang.NullPointerException" message="Cannot invoke &amp;quot;java.sql.Connection.createStatement()&amp;quot; because the return value of &amp;quot;testbase.DBConnect.getConnection()&amp;quot; is null">
      <![CDATA[java.lang.NullPointerException: Cannot invoke "java.sql.Connection.createStatement()" because the return value of "testbase.DBConnect.getConnection()" is null
at testbase.DBConnect.executeQuery(DBConnect.java:30)
at automationP.testcases.GUI.tc_1(GUI.java:23)
at java.base/java.util.concurrent.Executors$RunnableAdapter.call(Executors.java:539)
at java.base/java.util.concurrent.FutureTask.run(FutureTask.java:264)
at java.base/java.util.concurrent.ThreadPoolExecutor.runWorker(ThreadPoolExecutor.java:1136)
at java.base/java.util.concurrent.ThreadPoolExecutor$Worker.run(ThreadPoolExecutor.java:635)
at java.base/java.lang.Thread.run(Thread.java:833)
... Removed 13 stack frames]]>
    </failure>
  </testcase> <!-- tc_1 -->
</testsuite> <!-- reg -->
